{
  "RSpec": {
    "coverage": {
      "/home/tiago/Documentos/fast-notas-api/spec/support/factory_girl.rb": [
        null,
        1,
        1,
        null,
        null,
        null,
        1,
        1,
        null
      ],
      "/home/tiago/Documentos/fast-notas-api/app/controllers/v1/users_controller.rb": [
        1,
        1,
        1,
        null,
        null,
        1,
        1,
        null,
        1,
        null,
        null,
        null,
        1,
        2,
        null,
        null,
        null,
        1,
        4,
        null,
        4,
        2,
        null,
        2,
        null,
        null,
        null,
        null,
        1,
        2,
        1,
        null,
        1,
        null,
        null,
        null,
        null,
        1,
        1,
        1,
        null,
        null,
        1,
        null,
        1,
        5,
        null,
        null,
        1,
        6,
        null,
        null,
        null,
        null,
        null,
        null
      ],
      "/home/tiago/Documentos/fast-notas-api/app/controllers/application_controller.rb": [
        1,
        null
      ],
      "/home/tiago/Documentos/fast-notas-api/app/models/user.rb": [
        1,
        null,
        1,
        1,
        null,
        null,
        1,
        null,
        null,
        1,
        null,
        1,
        null,
        1,
        6,
        6,
        null,
        null
      ],
      "/home/tiago/Documentos/fast-notas-api/app/models/application_record.rb": [
        1,
        1,
        null
      ],
      "/home/tiago/Documentos/fast-notas-api/app/models/address.rb": [
        1,
        1,
        1,
        1,
        null,
        1,
        null,
        1,
        null,
        1,
        4,
        4,
        4,
        4,
        4,
        4,
        4,
        null,
        null,
        null,
        1,
        null,
        1,
        5,
        5,
        null,
        null,
        1,
        38,
        38,
        38,
        null,
        null
      ]
    },
    "timestamp": 1500276842
  }
}
